<?xml version="1.0" encoding="UTF-8"?>
<!-- Generated by org.testng.reporters.JUnitXMLReporter -->
<testsuite ignored="0" hostname="LAPTOP-IV3UDAB9" failures="1" tests="2" name="Testabc" time="12.663" errors="0" timestamp="2022-10-16T15:21:44 IST">
  <testcase classname="testngpractice.Sample" name="login" time="8.406"/>
  <testcase classname="testngpractice.Sample" name="verfiydeetails" time="0.0">
    <failure type="org.testng.TestNGException" message="
Parameter &amp;apos;password&amp;apos; is required by @Test on method verfiydeetails but has not been marked @Optional or defined
in F:\workspace\TestngMaven\testng.xml">
      <![CDATA[org.testng.TestNGException: 
Parameter 'password' is required by @Test on method verfiydeetails but has not been marked @Optional or defined
in F:\workspace\TestngMaven\testng.xml
at java.base/java.util.ArrayList.forEach(ArrayList.java:1511)
... Removed 26 stack frames]]>
    </failure>
  </testcase> <!-- verfiydeetails -->
</testsuite> <!-- Testabc -->
